<?xml version="1.0" encoding="UTF-8"?>
<coverage generated="1696636671484" clover="3.2.0">
  <project timestamp="1696636671484" name="All files">
    <metrics statements="176" coveredstatements="160" conditionals="48" coveredconditionals="36" methods="45" coveredmethods="41" elements="269" coveredelements="237" complexity="0" loc="176" ncloc="176" packages="4" files="10" classes="10"/>
    <package name="src">
      <metrics statements="53" coveredstatements="42" conditionals="6" coveredconditionals="1" methods="14" coveredmethods="12"/>
      <file name="App.js" path="A:\study_material\WPI\SEM3\DSS\HW1.Code\madness\src\App.js">
        <metrics statements="39" coveredstatements="39" conditionals="2" coveredconditionals="1" methods="12" coveredmethods="12"/>
        <line num="12" count="31" type="stmt"/>
        <line num="13" count="30" type="stmt"/>
        <line num="14" count="30" type="stmt"/>
        <line num="15" count="30" type="stmt"/>
        <line num="17" count="30" type="stmt"/>
        <line num="18" count="30" type="stmt"/>
        <line num="21" count="30" type="stmt"/>
        <line num="22" count="30" type="stmt"/>
        <line num="25" count="30" type="stmt"/>
        <line num="26" count="7" type="stmt"/>
        <line num="29" count="7" type="stmt"/>
        <line num="30" count="7" type="stmt"/>
        <line num="32" count="7" type="stmt"/>
        <line num="34" count="7" type="cond" truecount="1" falsecount="1"/>
        <line num="35" count="7" type="stmt"/>
        <line num="36" count="7" type="stmt"/>
        <line num="37" count="7" type="stmt"/>
        <line num="38" count="7" type="stmt"/>
        <line num="42" count="30" type="stmt"/>
        <line num="43" count="3" type="stmt"/>
        <line num="44" count="3" type="stmt"/>
        <line num="45" count="3" type="stmt"/>
        <line num="48" count="30" type="stmt"/>
        <line num="49" count="5" type="stmt"/>
        <line num="50" count="5" type="stmt"/>
        <line num="51" count="5" type="stmt"/>
        <line num="54" count="30" type="stmt"/>
        <line num="55" count="1" type="stmt"/>
        <line num="56" count="1" type="stmt"/>
        <line num="57" count="1" type="stmt"/>
        <line num="58" count="1" type="stmt"/>
        <line num="59" count="1" type="stmt"/>
        <line num="62" count="30" type="stmt"/>
        <line num="65" count="1" type="stmt"/>
        <line num="76" count="1" type="stmt"/>
        <line num="77" count="1" type="stmt"/>
        <line num="78" count="1" type="stmt"/>
        <line num="81" count="3" type="stmt"/>
        <line num="82" count="2" type="stmt"/>
      </file>
      <file name="configs.js" path="A:\study_material\WPI\SEM3\DSS\HW1.Code\madness\src\configs.js">
        <metrics statements="3" coveredstatements="3" conditionals="0" coveredconditionals="0" methods="0" coveredmethods="0"/>
        <line num="1" count="1" type="stmt"/>
        <line num="28" count="1" type="stmt"/>
        <line num="65" count="1" type="stmt"/>
      </file>
      <file name="index.js" path="A:\study_material\WPI\SEM3\DSS\HW1.Code\madness\src\index.js">
        <metrics statements="3" coveredstatements="0" conditionals="0" coveredconditionals="0" methods="0" coveredmethods="0"/>
        <line num="7" count="0" type="stmt"/>
        <line num="8" count="0" type="stmt"/>
        <line num="17" count="0" type="stmt"/>
      </file>
      <file name="reportWebVitals.js" path="A:\study_material\WPI\SEM3\DSS\HW1.Code\madness\src\reportWebVitals.js">
        <metrics statements="8" coveredstatements="0" conditionals="4" coveredconditionals="0" methods="2" coveredmethods="0"/>
        <line num="1" count="0" type="stmt"/>
        <line num="2" count="0" type="cond" truecount="0" falsecount="4"/>
        <line num="3" count="0" type="stmt"/>
        <line num="4" count="0" type="stmt"/>
        <line num="5" count="0" type="stmt"/>
        <line num="6" count="0" type="stmt"/>
        <line num="7" count="0" type="stmt"/>
        <line num="8" count="0" type="stmt"/>
      </file>
    </package>
    <package name="src.boundary">
      <metrics statements="38" coveredstatements="36" conditionals="12" coveredconditionals="9" methods="7" coveredmethods="7"/>
      <file name="Boundary.js" path="A:\study_material\WPI\SEM3\DSS\HW1.Code\madness\src\boundary\Boundary.js">
        <metrics statements="38" coveredstatements="36" conditionals="12" coveredconditionals="9" methods="7" coveredmethods="7"/>
        <line num="2" count="1" type="stmt"/>
        <line num="3" count="1" type="stmt"/>
        <line num="6" count="30" type="stmt"/>
        <line num="8" count="30" type="stmt"/>
        <line num="11" count="30" type="stmt"/>
        <line num="18" count="30" type="stmt"/>
        <line num="20" count="30" type="stmt"/>
        <line num="21" count="509" type="stmt"/>
        <line num="22" count="509" type="stmt"/>
        <line num="24" count="509" type="stmt"/>
        <line num="25" count="509" type="stmt"/>
        <line num="26" count="509" type="stmt"/>
        <line num="29" count="509" type="cond" truecount="4" falsecount="0"/>
        <line num="30" count="293" type="stmt"/>
        <line num="31" count="293" type="stmt"/>
        <line num="32" count="293" type="stmt"/>
        <line num="33" count="293" type="stmt"/>
        <line num="34" count="293" type="stmt"/>
        <line num="38" count="30" type="cond" truecount="1" falsecount="1"/>
        <line num="39" count="30" type="cond" truecount="2" falsecount="0"/>
        <line num="40" count="12" type="stmt"/>
        <line num="44" count="30" type="cond" truecount="1" falsecount="1"/>
        <line num="45" count="0" type="stmt"/>
        <line num="52" count="12" type="stmt"/>
        <line num="53" count="48" type="stmt"/>
        <line num="54" count="48" type="stmt"/>
        <line num="56" count="48" type="stmt"/>
        <line num="57" count="48" type="stmt"/>
        <line num="58" count="48" type="stmt"/>
        <line num="60" count="12" type="stmt"/>
        <line num="61" count="12" type="stmt"/>
        <line num="62" count="12" type="stmt"/>
        <line num="63" count="12" type="stmt"/>
        <line num="64" count="12" type="stmt"/>
        <line num="69" count="30" type="stmt"/>
        <line num="70" count="30" type="cond" truecount="1" falsecount="1"/>
        <line num="71" count="30" type="stmt"/>
        <line num="73" count="0" type="stmt"/>
      </file>
    </package>
    <package name="src.controller">
      <metrics statements="63" coveredstatements="63" conditionals="26" coveredconditionals="23" methods="18" coveredmethods="18"/>
      <file name="ChooseConfigController.js" path="A:\study_material\WPI\SEM3\DSS\HW1.Code\madness\src\controller\ChooseConfigController.js">
        <metrics statements="3" coveredstatements="3" conditionals="0" coveredconditionals="0" methods="1" coveredmethods="1"/>
        <line num="3" count="3" type="stmt"/>
        <line num="4" count="3" type="stmt"/>
        <line num="6" count="3" type="stmt"/>
      </file>
      <file name="GameController.js" path="A:\study_material\WPI\SEM3\DSS\HW1.Code\madness\src\controller\GameController.js">
        <metrics statements="38" coveredstatements="38" conditionals="18" coveredconditionals="16" methods="10" coveredmethods="10"/>
        <line num="2" count="1" type="stmt"/>
        <line num="3" count="1" type="stmt"/>
        <line num="5" count="1" type="stmt"/>
        <line num="6" count="1" type="stmt"/>
        <line num="7" count="1" type="stmt"/>
        <line num="17" count="7" type="stmt"/>
        <line num="19" count="7" type="stmt"/>
        <line num="20" count="7" type="stmt"/>
        <line num="21" count="7" type="stmt"/>
        <line num="25" count="7" type="cond" truecount="1" falsecount="1"/>
        <line num="28" count="7" type="stmt"/>
        <line num="31" count="112" type="cond" truecount="4" falsecount="0"/>
        <line num="32" count="63" type="stmt"/>
        <line num="33" count="63" type="stmt"/>
        <line num="36" count="63" type="stmt"/>
        <line num="39" count="63" type="cond" truecount="2" falsecount="0"/>
        <line num="40" count="7" type="cond" truecount="2" falsecount="0"/>
        <line num="41" count="6" type="stmt"/>
        <line num="43" count="7" type="stmt"/>
        <line num="45" count="7" type="stmt"/>
        <line num="46" count="7" type="stmt"/>
        <line num="48" count="10" type="cond" truecount="2" falsecount="0"/>
        <line num="49" count="1" type="stmt"/>
        <line num="55" count="7" type="stmt"/>
        <line num="59" count="7" type="stmt"/>
        <line num="60" count="28" type="stmt"/>
        <line num="61" count="28" type="cond" truecount="1" falsecount="1"/>
        <line num="62" count="28" type="stmt"/>
        <line num="65" count="7" type="stmt"/>
        <line num="71" count="7" type="stmt"/>
        <line num="72" count="21" type="stmt"/>
        <line num="74" count="7" type="cond" truecount="2" falsecount="0"/>
        <line num="76" count="1" type="stmt"/>
        <line num="77" count="4" type="stmt"/>
        <line num="80" count="7" type="stmt"/>
        <line num="84" count="28" type="stmt"/>
        <line num="85" count="28" type="stmt"/>
        <line num="86" count="170" type="cond" truecount="2" falsecount="0"/>
      </file>
      <file name="ResetController.js" path="A:\study_material\WPI\SEM3\DSS\HW1.Code\madness\src\controller\ResetController.js">
        <metrics statements="3" coveredstatements="3" conditionals="0" coveredconditionals="0" methods="1" coveredmethods="1"/>
        <line num="4" count="1" type="stmt"/>
        <line num="6" count="1" type="stmt"/>
        <line num="7" count="1" type="stmt"/>
      </file>
      <file name="RotateController.js" path="A:\study_material\WPI\SEM3\DSS\HW1.Code\madness\src\controller\RotateController.js">
        <metrics statements="19" coveredstatements="19" conditionals="8" coveredconditionals="7" methods="6" coveredmethods="6"/>
        <line num="4" count="5" type="stmt"/>
        <line num="6" count="5" type="cond" truecount="1" falsecount="1"/>
        <line num="7" count="5" type="cond" truecount="2" falsecount="0"/>
        <line num="8" count="8" type="stmt"/>
        <line num="11" count="2" type="stmt"/>
        <line num="19" count="2" type="stmt"/>
        <line num="20" count="8" type="stmt"/>
        <line num="24" count="12" type="stmt"/>
        <line num="27" count="3" type="stmt"/>
        <line num="35" count="3" type="stmt"/>
        <line num="36" count="12" type="stmt"/>
        <line num="39" count="5" type="stmt"/>
        <line num="40" count="80" type="stmt"/>
        <line num="41" count="80" type="stmt"/>
        <line num="42" count="320" type="cond" truecount="4" falsecount="0"/>
        <line num="43" count="20" type="stmt"/>
        <line num="47" count="5" type="stmt"/>
        <line num="48" count="5" type="stmt"/>
        <line num="50" count="5" type="stmt"/>
      </file>
    </package>
    <package name="src.model">
      <metrics statements="22" coveredstatements="19" conditionals="4" coveredconditionals="3" methods="6" coveredmethods="4"/>
      <file name="Model.js" path="A:\study_material\WPI\SEM3\DSS\HW1.Code\madness\src\model\Model.js">
        <metrics statements="22" coveredstatements="19" conditionals="4" coveredconditionals="3" methods="6" coveredmethods="4"/>
        <line num="6" count="621" type="stmt"/>
        <line num="7" count="621" type="stmt"/>
        <line num="8" count="621" type="stmt"/>
        <line num="14" count="37" type="stmt"/>
        <line num="15" count="37" type="stmt"/>
        <line num="16" count="37" type="stmt"/>
        <line num="18" count="37" type="stmt"/>
        <line num="19" count="621" type="stmt"/>
        <line num="20" count="621" type="stmt"/>
        <line num="27" count="0" type="stmt"/>
        <line num="33" count="0" type="stmt"/>
        <line num="34" count="0" type="stmt"/>
        <line num="40" count="33" type="stmt"/>
        <line num="41" count="33" type="stmt"/>
        <line num="42" count="33" type="stmt"/>
        <line num="43" count="33" type="stmt"/>
        <line num="44" count="33" type="stmt"/>
        <line num="48" count="4" type="cond" truecount="3" falsecount="1"/>
        <line num="49" count="4" type="stmt"/>
        <line num="50" count="4" type="stmt"/>
        <line num="51" count="4" type="stmt"/>
        <line num="52" count="4" type="stmt"/>
      </file>
    </package>
  </project>
</coverage>
