{"A:\\study_material\\WPI\\SEM3\\DSS\\HW1.Code\\madness\\src\\App.js": {"path":"A:\\study_material\\WPI\\SEM3\\DSS\\HW1.Code\\madness\\src\\App.js","statementMap":{"0":{"start":{"line":12,"column":28},"end":{"line":12,"column":55}},"1":{"start":{"line":13,"column":32},"end":{"line":13,"column":49}},"2":{"start":{"line":14,"column":28},"end":{"line":14,"column":44}},"3":{"start":{"line":15,"column":32},"end":{"line":15,"column":53}},"4":{"start":{"line":17,"column":17},"end":{"line":17,"column":35}},"5":{"start":{"line":18,"column":20},"end":{"line":18,"column":38}},"6":{"start":{"line":21,"column":2},"end":{"line":23,"column":28}},"7":{"start":{"line":22,"column":4},"end":{"line":22,"column":61}},"8":{"start":{"line":25,"column":22},"end":{"line":40,"column":3}},"9":{"start":{"line":26,"column":23},"end":{"line":26,"column":64}},"10":{"start":{"line":29,"column":12},"end":{"line":29,"column":39}},"11":{"start":{"line":30,"column":12},"end":{"line":30,"column":38}},"12":{"start":{"line":32,"column":17},"end":{"line":32,"column":43}},"13":{"start":{"line":34,"column":4},"end":{"line":39,"column":5}},"14":{"start":{"line":35,"column":6},"end":{"line":35,"column":28}},"15":{"start":{"line":36,"column":6},"end":{"line":36,"column":41}},"16":{"start":{"line":37,"column":6},"end":{"line":37,"column":32}},"17":{"start":{"line":38,"column":6},"end":{"line":38,"column":29}},"18":{"start":{"line":42,"column":23},"end":{"line":46,"column":3}},"19":{"start":{"line":43,"column":4},"end":{"line":43,"column":18}},"20":{"start":{"line":44,"column":4},"end":{"line":44,"column":30}},"21":{"start":{"line":45,"column":4},"end":{"line":45,"column":27}},"22":{"start":{"line":48,"column":23},"end":{"line":52,"column":3}},"23":{"start":{"line":49,"column":19},"end":{"line":49,"column":56}},"24":{"start":{"line":50,"column":4},"end":{"line":50,"column":22}},"25":{"start":{"line":51,"column":4},"end":{"line":51,"column":27}},"26":{"start":{"line":54,"column":23},"end":{"line":60,"column":3}},"27":{"start":{"line":55,"column":19},"end":{"line":55,"column":45}},"28":{"start":{"line":56,"column":4},"end":{"line":56,"column":18}},"29":{"start":{"line":57,"column":4},"end":{"line":57,"column":22}},"30":{"start":{"line":58,"column":4},"end":{"line":58,"column":29}},"31":{"start":{"line":59,"column":4},"end":{"line":59,"column":27}},"32":{"start":{"line":62,"column":2},"end":{"line":89,"column":3}},"33":{"start":{"line":65,"column":110},"end":{"line":65,"column":124}},"34":{"start":{"line":76,"column":57},"end":{"line":76,"column":72}},"35":{"start":{"line":77,"column":57},"end":{"line":77,"column":72}},"36":{"start":{"line":78,"column":57},"end":{"line":78,"column":72}},"37":{"start":{"line":81,"column":83},"end":{"line":81,"column":116}},"38":{"start":{"line":82,"column":82},"end":{"line":82,"column":114}}},"fnMap":{"0":{"name":"App","decl":{"start":{"line":11,"column":9},"end":{"line":11,"column":12}},"loc":{"start":{"line":11,"column":15},"end":{"line":90,"column":1}},"line":11},"1":{"name":"(anonymous_1)","decl":{"start":{"line":21,"column":19},"end":{"line":21,"column":20}},"loc":{"start":{"line":21,"column":25},"end":{"line":23,"column":3}},"line":21},"2":{"name":"(anonymous_2)","decl":{"start":{"line":25,"column":22},"end":{"line":25,"column":23}},"loc":{"start":{"line":25,"column":35},"end":{"line":40,"column":3}},"line":25},"3":{"name":"(anonymous_3)","decl":{"start":{"line":42,"column":23},"end":{"line":42,"column":24}},"loc":{"start":{"line":42,"column":40},"end":{"line":46,"column":3}},"line":42},"4":{"name":"(anonymous_4)","decl":{"start":{"line":48,"column":23},"end":{"line":48,"column":24}},"loc":{"start":{"line":48,"column":58},"end":{"line":52,"column":3}},"line":48},"5":{"name":"(anonymous_5)","decl":{"start":{"line":54,"column":23},"end":{"line":54,"column":24}},"loc":{"start":{"line":54,"column":29},"end":{"line":60,"column":3}},"line":54},"6":{"name":"(anonymous_6)","decl":{"start":{"line":65,"column":103},"end":{"line":65,"column":104}},"loc":{"start":{"line":65,"column":110},"end":{"line":65,"column":124}},"line":65},"7":{"name":"(anonymous_7)","decl":{"start":{"line":76,"column":50},"end":{"line":76,"column":51}},"loc":{"start":{"line":76,"column":57},"end":{"line":76,"column":72}},"line":76},"8":{"name":"(anonymous_8)","decl":{"start":{"line":77,"column":50},"end":{"line":77,"column":51}},"loc":{"start":{"line":77,"column":57},"end":{"line":77,"column":72}},"line":77},"9":{"name":"(anonymous_9)","decl":{"start":{"line":78,"column":50},"end":{"line":78,"column":51}},"loc":{"start":{"line":78,"column":57},"end":{"line":78,"column":72}},"line":78},"10":{"name":"(anonymous_10)","decl":{"start":{"line":81,"column":76},"end":{"line":81,"column":77}},"loc":{"start":{"line":81,"column":83},"end":{"line":81,"column":116}},"line":81},"11":{"name":"(anonymous_11)","decl":{"start":{"line":82,"column":75},"end":{"line":82,"column":76}},"loc":{"start":{"line":82,"column":82},"end":{"line":82,"column":114}},"line":82}},"branchMap":{"0":{"loc":{"start":{"line":34,"column":4},"end":{"line":39,"column":5}},"type":"if","locations":[{"start":{"line":34,"column":4},"end":{"line":39,"column":5}},{"start":{},"end":{}}],"line":34}},"s":{"0":31,"1":30,"2":30,"3":30,"4":30,"5":30,"6":30,"7":30,"8":30,"9":7,"10":7,"11":7,"12":7,"13":7,"14":7,"15":7,"16":7,"17":7,"18":30,"19":3,"20":3,"21":3,"22":30,"23":5,"24":5,"25":5,"26":30,"27":1,"28":1,"29":1,"30":1,"31":1,"32":30,"33":1,"34":1,"35":1,"36":1,"37":3,"38":2},"f":{"0":31,"1":30,"2":7,"3":3,"4":5,"5":1,"6":1,"7":1,"8":1,"9":1,"10":3,"11":2},"b":{"0":[7,0]},"_coverageSchema":"1a1c01bbd47fc00a2c39e90264f33305004495a9","hash":"dc67fdb19073c9ddf2579a5831dd99226e1355dc"}
,"A:\\study_material\\WPI\\SEM3\\DSS\\HW1.Code\\madness\\src\\configs.js": {"path":"A:\\study_material\\WPI\\SEM3\\DSS\\HW1.Code\\madness\\src\\configs.js","statementMap":{"0":{"start":{"line":1,"column":26},"end":{"line":26,"column":1}},"1":{"start":{"line":28,"column":26},"end":{"line":63,"column":1}},"2":{"start":{"line":65,"column":26},"end":{"line":113,"column":1}}},"fnMap":{},"branchMap":{},"s":{"0":1,"1":1,"2":1},"f":{},"b":{},"_coverageSchema":"1a1c01bbd47fc00a2c39e90264f33305004495a9","hash":"bc83add66a3c8080ff8ee53e8ad71823fe376246"}
,"A:\\study_material\\WPI\\SEM3\\DSS\\HW1.Code\\madness\\src\\index.js": {"path":"A:\\study_material\\WPI\\SEM3\\DSS\\HW1.Code\\madness\\src\\index.js","statementMap":{"0":{"start":{"line":7,"column":13},"end":{"line":7,"column":65}},"1":{"start":{"line":8,"column":0},"end":{"line":12,"column":1}},"2":{"start":{"line":17,"column":0},"end":{"line":17,"column":17}}},"fnMap":{},"branchMap":{},"s":{"0":0,"1":0,"2":0},"f":{},"b":{}}
,"A:\\study_material\\WPI\\SEM3\\DSS\\HW1.Code\\madness\\src\\reportWebVitals.js": {"path":"A:\\study_material\\WPI\\SEM3\\DSS\\HW1.Code\\madness\\src\\reportWebVitals.js","statementMap":{"0":{"start":{"line":1,"column":24},"end":{"line":11,"column":1}},"1":{"start":{"line":2,"column":2},"end":{"line":10,"column":3}},"2":{"start":{"line":3,"column":4},"end":{"line":9,"column":7}},"3":{"start":{"line":4,"column":6},"end":{"line":4,"column":26}},"4":{"start":{"line":5,"column":6},"end":{"line":5,"column":26}},"5":{"start":{"line":6,"column":6},"end":{"line":6,"column":26}},"6":{"start":{"line":7,"column":6},"end":{"line":7,"column":26}},"7":{"start":{"line":8,"column":6},"end":{"line":8,"column":27}}},"fnMap":{"0":{"name":"(anonymous_0)","decl":{"start":{"line":1,"column":24},"end":{"line":1,"column":25}},"loc":{"start":{"line":1,"column":39},"end":{"line":11,"column":1}},"line":1},"1":{"name":"(anonymous_1)","decl":{"start":{"line":3,"column":30},"end":{"line":3,"column":31}},"loc":{"start":{"line":3,"column":79},"end":{"line":9,"column":5}},"line":3}},"branchMap":{"0":{"loc":{"start":{"line":2,"column":2},"end":{"line":10,"column":3}},"type":"if","locations":[{"start":{"line":2,"column":2},"end":{"line":10,"column":3}},{"start":{},"end":{}}],"line":2},"1":{"loc":{"start":{"line":2,"column":6},"end":{"line":2,"column":52}},"type":"binary-expr","locations":[{"start":{"line":2,"column":6},"end":{"line":2,"column":17}},{"start":{"line":2,"column":21},"end":{"line":2,"column":52}}],"line":2}},"s":{"0":0,"1":0,"2":0,"3":0,"4":0,"5":0,"6":0,"7":0},"f":{"0":0,"1":0},"b":{"0":[0,0],"1":[0,0]}}
,"A:\\study_material\\WPI\\SEM3\\DSS\\HW1.Code\\madness\\src\\boundary\\Boundary.js": {"path":"A:\\study_material\\WPI\\SEM3\\DSS\\HW1.Code\\madness\\src\\boundary\\Boundary.js","statementMap":{"0":{"start":{"line":2,"column":19},"end":{"line":2,"column":21}},"1":{"start":{"line":3,"column":21},"end":{"line":3,"column":23}},"2":{"start":{"line":6,"column":16},"end":{"line":6,"column":42}},"3":{"start":{"line":8,"column":21},"end":{"line":8,"column":40}},"4":{"start":{"line":11,"column":4},"end":{"line":11,"column":58}},"5":{"start":{"line":18,"column":23},"end":{"line":18,"column":25}},"6":{"start":{"line":20,"column":4},"end":{"line":36,"column":8}},"7":{"start":{"line":21,"column":8},"end":{"line":21,"column":36}},"8":{"start":{"line":22,"column":8},"end":{"line":22,"column":97}},"9":{"start":{"line":24,"column":8},"end":{"line":24,"column":33}},"10":{"start":{"line":25,"column":8},"end":{"line":25,"column":25}},"11":{"start":{"line":26,"column":8},"end":{"line":26,"column":99}},"12":{"start":{"line":29,"column":8},"end":{"line":35,"column":9}},"13":{"start":{"line":30,"column":12},"end":{"line":30,"column":27}},"14":{"start":{"line":31,"column":12},"end":{"line":31,"column":97}},"15":{"start":{"line":32,"column":12},"end":{"line":32,"column":35}},"16":{"start":{"line":33,"column":12},"end":{"line":33,"column":22}},"17":{"start":{"line":34,"column":12},"end":{"line":34,"column":24}},"18":{"start":{"line":38,"column":6},"end":{"line":42,"column":7}},"19":{"start":{"line":38,"column":36},"end":{"line":38,"column":60}},"20":{"start":{"line":39,"column":8},"end":{"line":41,"column":9}},"21":{"start":{"line":40,"column":12},"end":{"line":40,"column":44}},"22":{"start":{"line":44,"column":6},"end":{"line":46,"column":7}},"23":{"start":{"line":45,"column":8},"end":{"line":45,"column":24}},"24":{"start":{"line":52,"column":4},"end":{"line":59,"column":6}},"25":{"start":{"line":53,"column":26},"end":{"line":53,"column":54}},"26":{"start":{"line":54,"column":26},"end":{"line":54,"column":51}},"27":{"start":{"line":56,"column":8},"end":{"line":56,"column":31}},"28":{"start":{"line":57,"column":8},"end":{"line":57,"column":25}},"29":{"start":{"line":58,"column":8},"end":{"line":58,"column":68}},"30":{"start":{"line":60,"column":4},"end":{"line":60,"column":19}},"31":{"start":{"line":61,"column":4},"end":{"line":61,"column":103}},"32":{"start":{"line":62,"column":4},"end":{"line":62,"column":25}},"33":{"start":{"line":63,"column":4},"end":{"line":63,"column":14}},"34":{"start":{"line":64,"column":4},"end":{"line":64,"column":16}},"35":{"start":{"line":69,"column":18},"end":{"line":69,"column":37}},"36":{"start":{"line":70,"column":4},"end":{"line":72,"column":5}},"37":{"start":{"line":70,"column":31},"end":{"line":70,"column":55}},"38":{"start":{"line":71,"column":8},"end":{"line":71,"column":20}},"39":{"start":{"line":73,"column":4},"end":{"line":73,"column":15}}},"fnMap":{"0":{"name":"redrawCanvas","decl":{"start":{"line":5,"column":24},"end":{"line":5,"column":36}},"loc":{"start":{"line":5,"column":74},"end":{"line":48,"column":1}},"line":5},"1":{"name":"(anonymous_1)","decl":{"start":{"line":20,"column":32},"end":{"line":20,"column":33}},"loc":{"start":{"line":20,"column":44},"end":{"line":36,"column":7}},"line":20},"2":{"name":"(anonymous_2)","decl":{"start":{"line":38,"column":26},"end":{"line":38,"column":27}},"loc":{"start":{"line":38,"column":36},"end":{"line":38,"column":60}},"line":38},"3":{"name":"drawSelection","decl":{"start":{"line":50,"column":9},"end":{"line":50,"column":22}},"loc":{"start":{"line":50,"column":42},"end":{"line":65,"column":1}},"line":50},"4":{"name":"(anonymous_4)","decl":{"start":{"line":52,"column":18},"end":{"line":52,"column":19}},"loc":{"start":{"line":52,"column":30},"end":{"line":59,"column":5}},"line":52},"5":{"name":"checkVictory","decl":{"start":{"line":68,"column":9},"end":{"line":68,"column":21}},"loc":{"start":{"line":68,"column":29},"end":{"line":74,"column":1}},"line":68},"6":{"name":"(anonymous_6)","decl":{"start":{"line":70,"column":21},"end":{"line":70,"column":22}},"loc":{"start":{"line":70,"column":31},"end":{"line":70,"column":55}},"line":70}},"branchMap":{"0":{"loc":{"start":{"line":29,"column":8},"end":{"line":35,"column":9}},"type":"if","locations":[{"start":{"line":29,"column":8},"end":{"line":35,"column":9}},{"start":{},"end":{}}],"line":29},"1":{"loc":{"start":{"line":29,"column":11},"end":{"line":29,"column":46}},"type":"binary-expr","locations":[{"start":{"line":29,"column":11},"end":{"line":29,"column":28}},{"start":{"line":29,"column":32},"end":{"line":29,"column":46}}],"line":29},"2":{"loc":{"start":{"line":38,"column":6},"end":{"line":42,"column":7}},"type":"if","locations":[{"start":{"line":38,"column":6},"end":{"line":42,"column":7}},{"start":{},"end":{}}],"line":38},"3":{"loc":{"start":{"line":39,"column":8},"end":{"line":41,"column":9}},"type":"if","locations":[{"start":{"line":39,"column":8},"end":{"line":41,"column":9}},{"start":{},"end":{}}],"line":39},"4":{"loc":{"start":{"line":44,"column":6},"end":{"line":46,"column":7}},"type":"if","locations":[{"start":{"line":44,"column":6},"end":{"line":46,"column":7}},{"start":{},"end":{}}],"line":44},"5":{"loc":{"start":{"line":70,"column":4},"end":{"line":72,"column":5}},"type":"if","locations":[{"start":{"line":70,"column":4},"end":{"line":72,"column":5}},{"start":{},"end":{}}],"line":70}},"s":{"0":1,"1":1,"2":30,"3":30,"4":30,"5":30,"6":30,"7":509,"8":509,"9":509,"10":509,"11":509,"12":509,"13":293,"14":293,"15":293,"16":293,"17":293,"18":30,"19":30,"20":30,"21":12,"22":30,"23":0,"24":12,"25":48,"26":48,"27":48,"28":48,"29":48,"30":12,"31":12,"32":12,"33":12,"34":12,"35":30,"36":30,"37":30,"38":30,"39":0},"f":{"0":30,"1":509,"2":30,"3":12,"4":48,"5":30,"6":30},"b":{"0":[293,216],"1":[509,386],"2":[30,0],"3":[12,18],"4":[0,30],"5":[30,0]},"_coverageSchema":"1a1c01bbd47fc00a2c39e90264f33305004495a9","hash":"3feb551ab54ab211efd63c4e4776d876749bfd60"}
,"A:\\study_material\\WPI\\SEM3\\DSS\\HW1.Code\\madness\\src\\controller\\ChooseConfigController.js": {"path":"A:\\study_material\\WPI\\SEM3\\DSS\\HW1.Code\\madness\\src\\controller\\ChooseConfigController.js","statementMap":{"0":{"start":{"line":3,"column":4},"end":{"line":3,"column":16}},"1":{"start":{"line":4,"column":4},"end":{"line":4,"column":28}},"2":{"start":{"line":6,"column":4},"end":{"line":6,"column":16}}},"fnMap":{"0":{"name":"choose","decl":{"start":{"line":2,"column":24},"end":{"line":2,"column":30}},"loc":{"start":{"line":2,"column":53},"end":{"line":7,"column":1}},"line":2}},"branchMap":{},"s":{"0":3,"1":3,"2":3},"f":{"0":3},"b":{},"_coverageSchema":"1a1c01bbd47fc00a2c39e90264f33305004495a9","hash":"b0e371e22c6288098fb682cdc60aaf3680a64e74"}
,"A:\\study_material\\WPI\\SEM3\\DSS\\HW1.Code\\madness\\src\\controller\\GameController.js": {"path":"A:\\study_material\\WPI\\SEM3\\DSS\\HW1.Code\\madness\\src\\controller\\GameController.js","statementMap":{"0":{"start":{"line":2,"column":19},"end":{"line":2,"column":21}},"1":{"start":{"line":3,"column":21},"end":{"line":3,"column":23}},"2":{"start":{"line":5,"column":21},"end":{"line":5,"column":25}},"3":{"start":{"line":6,"column":15},"end":{"line":6,"column":17}},"4":{"start":{"line":7,"column":19},"end":{"line":12,"column":1}},"5":{"start":{"line":17,"column":4},"end":{"line":17,"column":52}},"6":{"start":{"line":19,"column":20},"end":{"line":19,"column":21}},"7":{"start":{"line":20,"column":18},"end":{"line":20,"column":23}},"8":{"start":{"line":21,"column":21},"end":{"line":21,"column":40}},"9":{"start":{"line":25,"column":4},"end":{"line":54,"column":5}},"10":{"start":{"line":25,"column":34},"end":{"line":25,"column":58}},"11":{"start":{"line":28,"column":8},"end":{"line":53,"column":10}},"12":{"start":{"line":31,"column":12},"end":{"line":52,"column":13}},"13":{"start":{"line":32,"column":38},"end":{"line":32,"column":64}},"14":{"start":{"line":33,"column":38},"end":{"line":33,"column":61}},"15":{"start":{"line":36,"column":33},"end":{"line":36,"column":95}},"16":{"start":{"line":39,"column":16},"end":{"line":51,"column":17}},"17":{"start":{"line":40,"column":24},"end":{"line":42,"column":25}},"18":{"start":{"line":41,"column":28},"end":{"line":41,"column":41}},"19":{"start":{"line":43,"column":24},"end":{"line":43,"column":47}},"20":{"start":{"line":45,"column":24},"end":{"line":45,"column":70}},"21":{"start":{"line":46,"column":24},"end":{"line":46,"column":52}},"22":{"start":{"line":48,"column":24},"end":{"line":50,"column":25}},"23":{"start":{"line":48,"column":53},"end":{"line":48,"column":77}},"24":{"start":{"line":49,"column":28},"end":{"line":49,"column":40}},"25":{"start":{"line":55,"column":4},"end":{"line":55,"column":48}},"26":{"start":{"line":59,"column":4},"end":{"line":64,"column":5}},"27":{"start":{"line":60,"column":25},"end":{"line":60,"column":58}},"28":{"start":{"line":61,"column":8},"end":{"line":63,"column":9}},"29":{"start":{"line":62,"column":12},"end":{"line":62,"column":35}},"30":{"start":{"line":65,"column":4},"end":{"line":65,"column":19}},"31":{"start":{"line":71,"column":29},"end":{"line":71,"column":43}},"32":{"start":{"line":72,"column":36},"end":{"line":72,"column":92}},"33":{"start":{"line":72,"column":58},"end":{"line":72,"column":91}},"34":{"start":{"line":74,"column":4},"end":{"line":79,"column":5}},"35":{"start":{"line":76,"column":8},"end":{"line":78,"column":10}},"36":{"start":{"line":77,"column":8},"end":{"line":77,"column":30}},"37":{"start":{"line":80,"column":4},"end":{"line":80,"column":16}},"38":{"start":{"line":84,"column":22},"end":{"line":84,"column":47}},"39":{"start":{"line":85,"column":22},"end":{"line":85,"column":44}},"40":{"start":{"line":86,"column":4},"end":{"line":86,"column":90}},"41":{"start":{"line":86,"column":42},"end":{"line":86,"column":89}}},"fnMap":{"0":{"name":"process","decl":{"start":{"line":15,"column":30},"end":{"line":15,"column":37}},"loc":{"start":{"line":15,"column":51},"end":{"line":56,"column":1}},"line":15},"1":{"name":"(anonymous_1)","decl":{"start":{"line":25,"column":24},"end":{"line":25,"column":25}},"loc":{"start":{"line":25,"column":34},"end":{"line":25,"column":58}},"line":25},"2":{"name":"(anonymous_2)","decl":{"start":{"line":28,"column":36},"end":{"line":28,"column":37}},"loc":{"start":{"line":28,"column":48},"end":{"line":53,"column":9}},"line":28},"3":{"name":"(anonymous_3)","decl":{"start":{"line":48,"column":43},"end":{"line":48,"column":44}},"loc":{"start":{"line":48,"column":53},"end":{"line":48,"column":77}},"line":48},"4":{"name":"handleSelect","decl":{"start":{"line":58,"column":9},"end":{"line":58,"column":21}},"loc":{"start":{"line":58,"column":33},"end":{"line":66,"column":1}},"line":58},"5":{"name":"removeColor","decl":{"start":{"line":69,"column":9},"end":{"line":69,"column":20}},"loc":{"start":{"line":69,"column":28},"end":{"line":81,"column":1}},"line":69},"6":{"name":"(anonymous_6)","decl":{"start":{"line":72,"column":48},"end":{"line":72,"column":49}},"loc":{"start":{"line":72,"column":58},"end":{"line":72,"column":91}},"line":72},"7":{"name":"(anonymous_7)","decl":{"start":{"line":76,"column":22},"end":{"line":76,"column":23}},"loc":{"start":{"line":76,"column":32},"end":{"line":78,"column":9}},"line":76},"8":{"name":"getNeighbor","decl":{"start":{"line":83,"column":9},"end":{"line":83,"column":20}},"loc":{"start":{"line":83,"column":44},"end":{"line":87,"column":1}},"line":83},"9":{"name":"(anonymous_9)","decl":{"start":{"line":86,"column":36},"end":{"line":86,"column":37}},"loc":{"start":{"line":86,"column":42},"end":{"line":86,"column":89}},"line":86}},"branchMap":{"0":{"loc":{"start":{"line":25,"column":4},"end":{"line":54,"column":5}},"type":"if","locations":[{"start":{"line":25,"column":4},"end":{"line":54,"column":5}},{"start":{},"end":{}}],"line":25},"1":{"loc":{"start":{"line":31,"column":12},"end":{"line":52,"column":13}},"type":"if","locations":[{"start":{"line":31,"column":12},"end":{"line":52,"column":13}},{"start":{},"end":{}}],"line":31},"2":{"loc":{"start":{"line":31,"column":16},"end":{"line":31,"column":51}},"type":"binary-expr","locations":[{"start":{"line":31,"column":16},"end":{"line":31,"column":30}},{"start":{"line":31,"column":34},"end":{"line":31,"column":51}}],"line":31},"3":{"loc":{"start":{"line":39,"column":16},"end":{"line":51,"column":17}},"type":"if","locations":[{"start":{"line":39,"column":16},"end":{"line":51,"column":17}},{"start":{},"end":{}}],"line":39},"4":{"loc":{"start":{"line":40,"column":24},"end":{"line":42,"column":25}},"type":"if","locations":[{"start":{"line":40,"column":24},"end":{"line":42,"column":25}},{"start":{},"end":{}}],"line":40},"5":{"loc":{"start":{"line":48,"column":24},"end":{"line":50,"column":25}},"type":"if","locations":[{"start":{"line":48,"column":24},"end":{"line":50,"column":25}},{"start":{},"end":{}}],"line":48},"6":{"loc":{"start":{"line":61,"column":8},"end":{"line":63,"column":9}},"type":"if","locations":[{"start":{"line":61,"column":8},"end":{"line":63,"column":9}},{"start":{},"end":{}}],"line":61},"7":{"loc":{"start":{"line":74,"column":4},"end":{"line":79,"column":5}},"type":"if","locations":[{"start":{"line":74,"column":4},"end":{"line":79,"column":5}},{"start":{},"end":{}}],"line":74},"8":{"loc":{"start":{"line":86,"column":42},"end":{"line":86,"column":89}},"type":"binary-expr","locations":[{"start":{"line":86,"column":42},"end":{"line":86,"column":65}},{"start":{"line":86,"column":69},"end":{"line":86,"column":89}}],"line":86}},"s":{"0":1,"1":1,"2":1,"3":1,"4":1,"5":7,"6":7,"7":7,"8":7,"9":7,"10":7,"11":7,"12":112,"13":63,"14":63,"15":63,"16":63,"17":7,"18":6,"19":7,"20":7,"21":7,"22":7,"23":10,"24":1,"25":7,"26":7,"27":28,"28":28,"29":28,"30":7,"31":7,"32":7,"33":21,"34":7,"35":1,"36":4,"37":7,"38":28,"39":28,"40":28,"41":170},"f":{"0":7,"1":7,"2":112,"3":10,"4":7,"5":7,"6":21,"7":4,"8":28,"9":170},"b":{"0":[7,0],"1":[63,49],"2":[112,84],"3":[7,56],"4":[6,1],"5":[1,6],"6":[28,0],"7":[1,6],"8":[170,58]},"_coverageSchema":"1a1c01bbd47fc00a2c39e90264f33305004495a9","hash":"32ec31af5bda7312a823850504be692757a0046f"}
,"A:\\study_material\\WPI\\SEM3\\DSS\\HW1.Code\\madness\\src\\controller\\ResetController.js": {"path":"A:\\study_material\\WPI\\SEM3\\DSS\\HW1.Code\\madness\\src\\controller\\ResetController.js","statementMap":{"0":{"start":{"line":4,"column":19},"end":{"line":4,"column":30}},"1":{"start":{"line":6,"column":4},"end":{"line":6,"column":30}},"2":{"start":{"line":7,"column":4},"end":{"line":7,"column":19}}},"fnMap":{"0":{"name":"reset","decl":{"start":{"line":3,"column":24},"end":{"line":3,"column":29}},"loc":{"start":{"line":3,"column":38},"end":{"line":8,"column":1}},"line":3}},"branchMap":{},"s":{"0":1,"1":1,"2":1},"f":{"0":1},"b":{},"_coverageSchema":"1a1c01bbd47fc00a2c39e90264f33305004495a9","hash":"ebbf683b04b8579d1069f07807c98bb2fec6b1d3"}
,"A:\\study_material\\WPI\\SEM3\\DSS\\HW1.Code\\madness\\src\\controller\\RotateController.js": {"path":"A:\\study_material\\WPI\\SEM3\\DSS\\HW1.Code\\madness\\src\\controller\\RotateController.js","statementMap":{"0":{"start":{"line":4,"column":23},"end":{"line":4,"column":42}},"1":{"start":{"line":6,"column":4},"end":{"line":49,"column":5}},"2":{"start":{"line":7,"column":8},"end":{"line":38,"column":9}},"3":{"start":{"line":8,"column":27},"end":{"line":8,"column":60}},"4":{"start":{"line":8,"column":47},"end":{"line":8,"column":59}},"5":{"start":{"line":11,"column":34},"end":{"line":16,"column":13}},"6":{"start":{"line":19,"column":12},"end":{"line":21,"column":14}},"7":{"start":{"line":20,"column":16},"end":{"line":20,"column":51}},"8":{"start":{"line":24,"column":27},"end":{"line":24,"column":60}},"9":{"start":{"line":24,"column":47},"end":{"line":24,"column":59}},"10":{"start":{"line":27,"column":34},"end":{"line":32,"column":13}},"11":{"start":{"line":35,"column":12},"end":{"line":37,"column":14}},"12":{"start":{"line":36,"column":16},"end":{"line":36,"column":51}},"13":{"start":{"line":39,"column":8},"end":{"line":46,"column":9}},"14":{"start":{"line":39,"column":21},"end":{"line":39,"column":22}},"15":{"start":{"line":40,"column":32},"end":{"line":40,"column":47}},"16":{"start":{"line":41,"column":12},"end":{"line":45,"column":14}},"17":{"start":{"line":42,"column":16},"end":{"line":44,"column":17}},"18":{"start":{"line":43,"column":20},"end":{"line":43,"column":51}},"19":{"start":{"line":47,"column":8},"end":{"line":47,"column":42}},"20":{"start":{"line":48,"column":8},"end":{"line":48,"column":26}},"21":{"start":{"line":50,"column":4},"end":{"line":50,"column":16}}},"fnMap":{"0":{"name":"rotate","decl":{"start":{"line":2,"column":30},"end":{"line":2,"column":36}},"loc":{"start":{"line":2,"column":62},"end":{"line":51,"column":1}},"line":2},"1":{"name":"(anonymous_1)","decl":{"start":{"line":8,"column":37},"end":{"line":8,"column":38}},"loc":{"start":{"line":8,"column":47},"end":{"line":8,"column":59}},"line":8},"2":{"name":"(anonymous_2)","decl":{"start":{"line":19,"column":26},"end":{"line":19,"column":27}},"loc":{"start":{"line":19,"column":45},"end":{"line":21,"column":13}},"line":19},"3":{"name":"(anonymous_3)","decl":{"start":{"line":24,"column":37},"end":{"line":24,"column":38}},"loc":{"start":{"line":24,"column":47},"end":{"line":24,"column":59}},"line":24},"4":{"name":"(anonymous_4)","decl":{"start":{"line":35,"column":26},"end":{"line":35,"column":27}},"loc":{"start":{"line":35,"column":45},"end":{"line":37,"column":13}},"line":35},"5":{"name":"(anonymous_5)","decl":{"start":{"line":41,"column":26},"end":{"line":41,"column":27}},"loc":{"start":{"line":41,"column":45},"end":{"line":45,"column":13}},"line":41}},"branchMap":{"0":{"loc":{"start":{"line":6,"column":4},"end":{"line":49,"column":5}},"type":"if","locations":[{"start":{"line":6,"column":4},"end":{"line":49,"column":5}},{"start":{},"end":{}}],"line":6},"1":{"loc":{"start":{"line":7,"column":8},"end":{"line":38,"column":9}},"type":"if","locations":[{"start":{"line":7,"column":8},"end":{"line":38,"column":9}},{"start":{"line":23,"column":13},"end":{"line":38,"column":9}}],"line":7},"2":{"loc":{"start":{"line":42,"column":16},"end":{"line":44,"column":17}},"type":"if","locations":[{"start":{"line":42,"column":16},"end":{"line":44,"column":17}},{"start":{},"end":{}}],"line":42},"3":{"loc":{"start":{"line":42,"column":20},"end":{"line":42,"column":108}},"type":"binary-expr","locations":[{"start":{"line":42,"column":20},"end":{"line":42,"column":59}},{"start":{"line":42,"column":63},"end":{"line":42,"column":108}}],"line":42}},"s":{"0":5,"1":5,"2":5,"3":2,"4":8,"5":2,"6":2,"7":8,"8":3,"9":12,"10":3,"11":3,"12":12,"13":5,"14":5,"15":80,"16":80,"17":320,"18":20,"19":5,"20":5,"21":5},"f":{"0":5,"1":8,"2":8,"3":12,"4":12,"5":320},"b":{"0":[5,0],"1":[2,3],"2":[20,300],"3":[320,80]},"_coverageSchema":"1a1c01bbd47fc00a2c39e90264f33305004495a9","hash":"3f9c8f7dbac9b6f561f9879d4220c0fdbe2d63d9"}
,"A:\\study_material\\WPI\\SEM3\\DSS\\HW1.Code\\madness\\src\\model\\Model.js": {"path":"A:\\study_material\\WPI\\SEM3\\DSS\\HW1.Code\\madness\\src\\model\\Model.js","statementMap":{"0":{"start":{"line":6,"column":8},"end":{"line":6,"column":20}},"1":{"start":{"line":7,"column":8},"end":{"line":7,"column":23}},"2":{"start":{"line":8,"column":8},"end":{"line":8,"column":26}},"3":{"start":{"line":14,"column":8},"end":{"line":14,"column":25}},"4":{"start":{"line":15,"column":8},"end":{"line":15,"column":47}},"5":{"start":{"line":16,"column":8},"end":{"line":16,"column":28}},"6":{"start":{"line":18,"column":8},"end":{"line":21,"column":9}},"7":{"start":{"line":19,"column":21},"end":{"line":19,"column":83}},"8":{"start":{"line":20,"column":12},"end":{"line":20,"column":33}},"9":{"start":{"line":27,"column":8},"end":{"line":27,"column":27}},"10":{"start":{"line":33,"column":8},"end":{"line":33,"column":18}},"11":{"start":{"line":34,"column":8},"end":{"line":34,"column":18}},"12":{"start":{"line":40,"column":8},"end":{"line":40,"column":61}},"13":{"start":{"line":41,"column":8},"end":{"line":41,"column":30}},"14":{"start":{"line":42,"column":8},"end":{"line":42,"column":64}},"15":{"start":{"line":43,"column":8},"end":{"line":43,"column":26}},"16":{"start":{"line":44,"column":8},"end":{"line":44,"column":28}},"17":{"start":{"line":48,"column":8},"end":{"line":53,"column":9}},"18":{"start":{"line":49,"column":12},"end":{"line":49,"column":44}},"19":{"start":{"line":50,"column":12},"end":{"line":50,"column":68}},"20":{"start":{"line":51,"column":12},"end":{"line":51,"column":30}},"21":{"start":{"line":52,"column":12},"end":{"line":52,"column":32}}},"fnMap":{"0":{"name":"(anonymous_0)","decl":{"start":{"line":5,"column":4},"end":{"line":5,"column":5}},"loc":{"start":{"line":5,"column":30},"end":{"line":9,"column":5}},"line":5},"1":{"name":"(anonymous_1)","decl":{"start":{"line":13,"column":4},"end":{"line":13,"column":5}},"loc":{"start":{"line":13,"column":25},"end":{"line":22,"column":5}},"line":13},"2":{"name":"(anonymous_2)","decl":{"start":{"line":26,"column":4},"end":{"line":26,"column":5}},"loc":{"start":{"line":26,"column":21},"end":{"line":28,"column":5}},"line":26},"3":{"name":"(anonymous_3)","decl":{"start":{"line":32,"column":4},"end":{"line":32,"column":5}},"loc":{"start":{"line":32,"column":19},"end":{"line":35,"column":5}},"line":32},"4":{"name":"(anonymous_4)","decl":{"start":{"line":39,"column":4},"end":{"line":39,"column":5}},"loc":{"start":{"line":39,"column":18},"end":{"line":45,"column":5}},"line":39},"5":{"name":"(anonymous_5)","decl":{"start":{"line":47,"column":4},"end":{"line":47,"column":5}},"loc":{"start":{"line":47,"column":27},"end":{"line":54,"column":5}},"line":47}},"branchMap":{"0":{"loc":{"start":{"line":48,"column":8},"end":{"line":53,"column":9}},"type":"if","locations":[{"start":{"line":48,"column":8},"end":{"line":53,"column":9}},{"start":{},"end":{}}],"line":48},"1":{"loc":{"start":{"line":48,"column":12},"end":{"line":48,"column":65}},"type":"binary-expr","locations":[{"start":{"line":48,"column":12},"end":{"line":48,"column":28}},{"start":{"line":48,"column":32},"end":{"line":48,"column":65}}],"line":48}},"s":{"0":621,"1":621,"2":621,"3":37,"4":37,"5":37,"6":37,"7":621,"8":621,"9":0,"10":0,"11":0,"12":33,"13":33,"14":33,"15":33,"16":33,"17":4,"18":4,"19":4,"20":4,"21":4},"f":{"0":621,"1":37,"2":0,"3":0,"4":33,"5":4},"b":{"0":[4,0],"1":[4,4]},"_coverageSchema":"1a1c01bbd47fc00a2c39e90264f33305004495a9","hash":"2ff7b3978b6476f827363c7474b0b8ff38b6d735"}
}
