TN:
SF:src\App.js
FN:11,App
FN:21,(anonymous_1)
FN:25,(anonymous_2)
FN:42,(anonymous_3)
FN:48,(anonymous_4)
FN:54,(anonymous_5)
FN:65,(anonymous_6)
FN:76,(anonymous_7)
FN:77,(anonymous_8)
FN:78,(anonymous_9)
FN:81,(anonymous_10)
FN:82,(anonymous_11)
FNF:12
FNH:12
FNDA:31,App
FNDA:30,(anonymous_1)
FNDA:7,(anonymous_2)
FNDA:3,(anonymous_3)
FNDA:5,(anonymous_4)
FNDA:1,(anonymous_5)
FNDA:1,(anonymous_6)
FNDA:1,(anonymous_7)
FNDA:1,(anonymous_8)
FNDA:1,(anonymous_9)
FNDA:3,(anonymous_10)
FNDA:2,(anonymous_11)
DA:12,31
DA:13,30
DA:14,30
DA:15,30
DA:17,30
DA:18,30
DA:21,30
DA:22,30
DA:25,30
DA:26,7
DA:29,7
DA:30,7
DA:32,7
DA:34,7
DA:35,7
DA:36,7
DA:37,7
DA:38,7
DA:42,30
DA:43,3
DA:44,3
DA:45,3
DA:48,30
DA:49,5
DA:50,5
DA:51,5
DA:54,30
DA:55,1
DA:56,1
DA:57,1
DA:58,1
DA:59,1
DA:62,30
DA:65,1
DA:76,1
DA:77,1
DA:78,1
DA:81,3
DA:82,2
LF:39
LH:39
BRDA:34,0,0,7
BRDA:34,0,1,0
BRF:2
BRH:1
end_of_record
TN:
SF:src\configs.js
FNF:0
FNH:0
DA:1,1
DA:28,1
DA:65,1
LF:3
LH:3
BRF:0
BRH:0
end_of_record
TN:
SF:src\index.js
FNF:0
FNH:0
DA:7,0
DA:8,0
DA:17,0
LF:3
LH:0
BRF:0
BRH:0
end_of_record
TN:
SF:src\reportWebVitals.js
FN:1,(anonymous_0)
FN:3,(anonymous_1)
FNF:2
FNH:0
FNDA:0,(anonymous_0)
FNDA:0,(anonymous_1)
DA:1,0
DA:2,0
DA:3,0
DA:4,0
DA:5,0
DA:6,0
DA:7,0
DA:8,0
LF:8
LH:0
BRDA:2,0,0,0
BRDA:2,0,1,0
BRDA:2,1,0,0
BRDA:2,1,1,0
BRF:4
BRH:0
end_of_record
TN:
SF:src\boundary\Boundary.js
FN:5,redrawCanvas
FN:20,(anonymous_1)
FN:38,(anonymous_2)
FN:50,drawSelection
FN:52,(anonymous_4)
FN:68,checkVictory
FN:70,(anonymous_6)
FNF:7
FNH:7
FNDA:30,redrawCanvas
FNDA:509,(anonymous_1)
FNDA:30,(anonymous_2)
FNDA:12,drawSelection
FNDA:48,(anonymous_4)
FNDA:30,checkVictory
FNDA:30,(anonymous_6)
DA:2,1
DA:3,1
DA:6,30
DA:8,30
DA:11,30
DA:18,30
DA:20,30
DA:21,509
DA:22,509
DA:24,509
DA:25,509
DA:26,509
DA:29,509
DA:30,293
DA:31,293
DA:32,293
DA:33,293
DA:34,293
DA:38,30
DA:39,30
DA:40,12
DA:44,30
DA:45,0
DA:52,12
DA:53,48
DA:54,48
DA:56,48
DA:57,48
DA:58,48
DA:60,12
DA:61,12
DA:62,12
DA:63,12
DA:64,12
DA:69,30
DA:70,30
DA:71,30
DA:73,0
LF:38
LH:36
BRDA:29,0,0,293
BRDA:29,0,1,216
BRDA:29,1,0,509
BRDA:29,1,1,386
BRDA:38,2,0,30
BRDA:38,2,1,0
BRDA:39,3,0,12
BRDA:39,3,1,18
BRDA:44,4,0,0
BRDA:44,4,1,30
BRDA:70,5,0,30
BRDA:70,5,1,0
BRF:12
BRH:9
end_of_record
TN:
SF:src\controller\ChooseConfigController.js
FN:2,choose
FNF:1
FNH:1
FNDA:3,choose
DA:3,3
DA:4,3
DA:6,3
LF:3
LH:3
BRF:0
BRH:0
end_of_record
TN:
SF:src\controller\GameController.js
FN:15,process
FN:25,(anonymous_1)
FN:28,(anonymous_2)
FN:48,(anonymous_3)
FN:58,handleSelect
FN:69,removeColor
FN:72,(anonymous_6)
FN:76,(anonymous_7)
FN:83,getNeighbor
FN:86,(anonymous_9)
FNF:10
FNH:10
FNDA:7,process
FNDA:7,(anonymous_1)
FNDA:112,(anonymous_2)
FNDA:10,(anonymous_3)
FNDA:7,handleSelect
FNDA:7,removeColor
FNDA:21,(anonymous_6)
FNDA:4,(anonymous_7)
FNDA:28,getNeighbor
FNDA:170,(anonymous_9)
DA:2,1
DA:3,1
DA:5,1
DA:6,1
DA:7,1
DA:17,7
DA:19,7
DA:20,7
DA:21,7
DA:25,7
DA:28,7
DA:31,112
DA:32,63
DA:33,63
DA:36,63
DA:39,63
DA:40,7
DA:41,6
DA:43,7
DA:45,7
DA:46,7
DA:48,10
DA:49,1
DA:55,7
DA:59,7
DA:60,28
DA:61,28
DA:62,28
DA:65,7
DA:71,7
DA:72,21
DA:74,7
DA:76,1
DA:77,4
DA:80,7
DA:84,28
DA:85,28
DA:86,170
LF:38
LH:38
BRDA:25,0,0,7
BRDA:25,0,1,0
BRDA:31,1,0,63
BRDA:31,1,1,49
BRDA:31,2,0,112
BRDA:31,2,1,84
BRDA:39,3,0,7
BRDA:39,3,1,56
BRDA:40,4,0,6
BRDA:40,4,1,1
BRDA:48,5,0,1
BRDA:48,5,1,6
BRDA:61,6,0,28
BRDA:61,6,1,0
BRDA:74,7,0,1
BRDA:74,7,1,6
BRDA:86,8,0,170
BRDA:86,8,1,58
BRF:18
BRH:16
end_of_record
TN:
SF:src\controller\ResetController.js
FN:3,reset
FNF:1
FNH:1
FNDA:1,reset
DA:4,1
DA:6,1
DA:7,1
LF:3
LH:3
BRF:0
BRH:0
end_of_record
TN:
SF:src\controller\RotateController.js
FN:2,rotate
FN:8,(anonymous_1)
FN:19,(anonymous_2)
FN:24,(anonymous_3)
FN:35,(anonymous_4)
FN:41,(anonymous_5)
FNF:6
FNH:6
FNDA:5,rotate
FNDA:8,(anonymous_1)
FNDA:8,(anonymous_2)
FNDA:12,(anonymous_3)
FNDA:12,(anonymous_4)
FNDA:320,(anonymous_5)
DA:4,5
DA:6,5
DA:7,5
DA:8,8
DA:11,2
DA:19,2
DA:20,8
DA:24,12
DA:27,3
DA:35,3
DA:36,12
DA:39,5
DA:40,80
DA:41,80
DA:42,320
DA:43,20
DA:47,5
DA:48,5
DA:50,5
LF:19
LH:19
BRDA:6,0,0,5
BRDA:6,0,1,0
BRDA:7,1,0,2
BRDA:7,1,1,3
BRDA:42,2,0,20
BRDA:42,2,1,300
BRDA:42,3,0,320
BRDA:42,3,1,80
BRF:8
BRH:7
end_of_record
TN:
SF:src\model\Model.js
FN:5,(anonymous_0)
FN:13,(anonymous_1)
FN:26,(anonymous_2)
FN:32,(anonymous_3)
FN:39,(anonymous_4)
FN:47,(anonymous_5)
FNF:6
FNH:4
FNDA:621,(anonymous_0)
FNDA:37,(anonymous_1)
FNDA:0,(anonymous_2)
FNDA:0,(anonymous_3)
FNDA:33,(anonymous_4)
FNDA:4,(anonymous_5)
DA:6,621
DA:7,621
DA:8,621
DA:14,37
DA:15,37
DA:16,37
DA:18,37
DA:19,621
DA:20,621
DA:27,0
DA:33,0
DA:34,0
DA:40,33
DA:41,33
DA:42,33
DA:43,33
DA:44,33
DA:48,4
DA:49,4
DA:50,4
DA:51,4
DA:52,4
LF:22
LH:19
BRDA:48,0,0,4
BRDA:48,0,1,0
BRDA:48,1,0,4
BRDA:48,1,1,4
BRF:4
BRH:3
end_of_record
